         Lattice Mapping Report File for Design Module 'FGPA_impl_1'

Target Vendor:        LATTICE
Target Device:        iCE40UP5KSG48
Target Performance:   High-Performance_1.2V

Mapper:    version Radiant Software (64-bit) 3.2.0.18.0
Mapped on: Fri Nov 11 20:08:59 2022

Design Information
------------------

Command line:   map -i FGPA_impl_1_syn.udb -o FGPA_impl_1_map.udb -mp
     FGPA_impl_1.mrp -hierrpt -gui

Design Summary
--------------

   Number of slice registers:  14 out of  5280 (<1%)
   Number of I/O registers:      4 out of   117 (3%)
   Number of LUT4s:            35 out of  5280 (1%)
      Number of logic LUT4s:              21
      Number of ripple logic:              7 (14 LUT4s)
   Number of IO sites used:   23 out of 39 (59%)
      Number of IO sites used for general PIO: 23
      Number of IO sites used for I3C: 0 out of 2 (0%)
      (note: If I3C is not used, its site can be used as general PIO)
      Number of IO sites used for PIO+I3C: 23 out of 36 (64%)
      Number of IO sites used for OD+RGB IO buffers: 0 out of 3 (0%)
      (note: If RGB LED drivers are not used, sites can be used as OD outputs,
       see TN1288 iCE40 LED Driver Usage Guide)
      Number of IO sites used for PIO+I3C+OD+RGB: 23 out of 39 (59%)
   Number of DSPs:             0 out of 8 (0%)
   Number of I2Cs:             0 out of 2 (0%)
   Number of High Speed OSCs:  0 out of 1 (0%)
   Number of Low Speed OSCs:   0 out of 1 (0%)
   Number of RGB PWM:          0 out of 1 (0%)
   Number of RGB Drivers:      0 out of 1 (0%)
   Number of SCL FILTERs:      0 out of 2 (0%)
   Number of SRAMs:            0 out of 4 (0%)
   Number of WARMBOOTs:        0 out of 1 (0%)
   Number of SPIs:             0 out of 2 (0%)
   Number of EBRs:             0 out of 30 (0%)
   Number of PLLs:             0 out of 1 (0%)
   Number of Clocks:  1
      Net clk_c: 13 loads, 13 rising, 0 falling (Driver: Port clk)
   Number of Clock Enables:  0
   Number of LSRs:  2
      Net counter_11__N_25: 7 loads, 7 SLICEs
      Net n111: 2 loads, 2 SLICEs
   Top 10 highest fanout non-clock nets:
      Net counter_11__N_25: 7 loads
      Net counter[0]: 4 loads
      Net counter[1]: 4 loads
      Net counter[2]: 4 loads
      Net counter[3]: 4 loads
      Net counter[4]: 4 loads
      Net counter[5]: 4 loads
      Net counter[6]: 4 loads
      Net counter[11]: 3 loads
      Net counter[8]: 3 loads


                                    Page 1








   Number of warnings:  0
   Number of errors:    0

Design Errors/Warnings
----------------------

   No errors or warnings present.

IO (PIO) Attributes
-------------------

+---------------------+-----------+-----------+-------+-------+-----------+
| IO Name             | Direction | Levelmode |  IO   |  IO   | Special   |
|                     |           |  IO_TYPE  |  REG  |  DDR  | IO Buffer |
+---------------------+-----------+-----------+-------+-------+-----------+
| enable12            | OUTPUT    |           |       |       |           |
+---------------------+-----------+-----------+-------+-------+-----------+
| enable34            | OUTPUT    |           |       |       |           |
+---------------------+-----------+-----------+-------+-------+-----------+
| a1                  | OUTPUT    |           | O     |       |           |
+---------------------+-----------+-----------+-------+-------+-----------+
| a2                  | OUTPUT    |           | O     |       |           |
+---------------------+-----------+-----------+-------+-------+-----------+
| a3                  | OUTPUT    |           | O     |       |           |
+---------------------+-----------+-----------+-------+-------+-----------+
| a4                  | OUTPUT    |           | O     |       |           |
+---------------------+-----------+-----------+-------+-------+-----------+
| clk                 | INPUT     |           |       |       |           |
+---------------------+-----------+-----------+-------+-------+-----------+
| motor1_sign         | INPUT     |           |       |       |           |
+---------------------+-----------+-----------+-------+-------+-----------+
| motor1_count[6]     | INPUT     |           |       |       |           |
+---------------------+-----------+-----------+-------+-------+-----------+
| motor1_count[5]     | INPUT     |           |       |       |           |
+---------------------+-----------+-----------+-------+-------+-----------+
| motor1_count[4]     | INPUT     |           |       |       |           |
+---------------------+-----------+-----------+-------+-------+-----------+
| motor1_count[3]     | INPUT     |           |       |       |           |
+---------------------+-----------+-----------+-------+-------+-----------+
| motor1_count[2]     | INPUT     |           |       |       |           |
+---------------------+-----------+-----------+-------+-------+-----------+
| motor1_count[1]     | INPUT     |           |       |       |           |
+---------------------+-----------+-----------+-------+-------+-----------+
| motor1_count[0]     | INPUT     |           |       |       |           |
+---------------------+-----------+-----------+-------+-------+-----------+
| motor2_sign         | INPUT     |           |       |       |           |
+---------------------+-----------+-----------+-------+-------+-----------+
| motor2_count[6]     | INPUT     |           |       |       |           |
+---------------------+-----------+-----------+-------+-------+-----------+
| motor2_count[5]     | INPUT     |           |       |       |           |
+---------------------+-----------+-----------+-------+-------+-----------+
| motor2_count[4]     | INPUT     |           |       |       |           |
+---------------------+-----------+-----------+-------+-------+-----------+
| motor2_count[3]     | INPUT     |           |       |       |           |
+---------------------+-----------+-----------+-------+-------+-----------+
| motor2_count[2]     | INPUT     |           |       |       |           |

                                    Page 2





IO (PIO) Attributes (cont)
--------------------------
+---------------------+-----------+-----------+-------+-------+-----------+
| motor2_count[1]     | INPUT     |           |       |       |           |
+---------------------+-----------+-----------+-------+-------+-----------+
| motor2_count[0]     | INPUT     |           |       |       |           |
+---------------------+-----------+-----------+-------+-------+-----------+

Removed logic
-------------

Block i1 was optimized away.

ASIC Components
---------------

Instance Name: a4_i5
         Type: IOLOGIC
Instance Name: a2_i3
         Type: IOLOGIC
Instance Name: a1_i2
         Type: IOLOGIC
Instance Name: a3_i4
         Type: IOLOGIC

Run Time and Memory Usage
-------------------------

   Total CPU Time: 0 secs
   Total REAL Time: 0 secs
   Peak Memory Usage: 51 MB





























                                    Page 3


Copyright (c) 1991-1994 by NeoCAD Inc. All rights reserved.
Copyright (c) 1995
     AT&T Corp.   All rights reserved.
Copyright (c) 1995-2001 Lucent
     Technologies Inc.  All rights reserved.
Copyright (c) 2001 Agere Systems
     All rights reserved.
Copyright (c) 2002-2022 Lattice Semiconductor
     Corporation,  All rights reserved.
