synthesis:  version Radiant Software (64-bit) 3.2.0.18.0

Copyright (c) 1991-1994 by NeoCAD Inc. All rights reserved.
Copyright (c) 1995 AT&T Corp.   All rights reserved.
Copyright (c) 1995-2001 Lucent Technologies Inc.  All rights reserved.
Copyright (c) 2001 Agere Systems   All rights reserved.
Copyright (c) 2002-2022 Lattice Semiconductor Corporation,  All rights reserved.
Sat Nov 12 00:37:23 2022


Command Line:  C:\lscc\radiant\3.2\ispfpga\bin\nt64\synthesis.exe -f FGPA_impl_1_lattice.synproj -gui -msgset C:/Users/tdasari/balance-robot/FGPA/promote.xml 

Synthesis options:
The -a option is iCE40UP.
The -t option is SG48.
The -sp option is High-Performance_1.2V.
The -p option is iCE40UP5K.
                                                          


##########################################################


### Lattice Family     : iCE40UP


### Device             : iCE40UP5K


### Package            : SG48


### Performance Grade  : High-Performance_1.2V


                                                         


INFO - synthesis: User-Selected Strategy Settings
Optimization goal = Area
Top-level module name = top_wrapper.
Target frequency = 200.000000 MHz.
Maximum fanout = 1000.
Timing path count = 3
RWCheckOnRam = 0

BRAM utilization = 100.000000 %
DSP usage = true
DSP utilization = 100.000000 %
fsm_encoding_style = auto
resolve_mixed_drivers = 0
fix_gated_clocks = 1


Mux style = auto (Default)
Use Carry Chain = true
carry_chain_length = 0
Loop Limit = 1950.
Use IO Insertion = TRUE
Use IO Reg = AUTO

Resource Sharing = TRUE
Propagate Constants = TRUE
Remove Duplicate Registers = TRUE
Output HDL file name = FGPA_impl_1.vm.
ROM style = auto
RAM style = auto
The -comp option is FALSE.
The -syn option is FALSE.
-path C:/Users/tdasari/balance-robot/FGPA (searchpath added)
-path C:/Users/tdasari/balance-robot/FGPA/impl_1 (searchpath added)
-path C:/lscc/radiant/3.2/ispfpga/ice40tp/data (searchpath added)
Mixed language design
Verilog design file = C:/lscc/radiant/3.2/ip/pmi/pmi_iCE40UP.v
Verilog design file = C:/Users/tdasari/balance-robot/FGPA/source/impl_1/motor_controller.sv
Verilog design file = C:/Users/tdasari/balance-robot/FGPA/source/impl_1/top.sv
VHDL library = pmi
VHDL design file = C:/lscc/radiant/3.2/ip/pmi/pmi_iCE40UP.vhd
WARNING - synthesis: Unexpected file name extension for Verilog file c:/users/tdasari/balance-robot/fgpa/source/impl_1/motor_controller.sv.
WARNING - synthesis: Unexpected file name extension for Verilog file c:/users/tdasari/balance-robot/fgpa/source/impl_1/top.sv.
The -r option is OFF. [ Remove LOC Properties is OFF. ]
Compile design.
Compile Design Begin
Analyzing Verilog file c:/lscc/radiant/3.2/ip/pmi/pmi_ice40up.v. VERI-1482
INFO - synthesis: c:/lscc/radiant/3.2/ip/pmi/pmi_ice40up.v(1): analyzing included file c:/lscc/radiant/3.2/ip/pmi/pmi_addsub.v. VERI-1328
INFO - synthesis: c:/lscc/radiant/3.2/ip/pmi/pmi_addsub.v(40): analyzing included file c:/lscc/radiant/3.2/ip/pmi/../common/adder_subtractor/rtl/lscc_add_sub.v. VERI-1328
INFO - synthesis: c:/lscc/radiant/3.2/ip/pmi/pmi_ice40up.v(2): analyzing included file c:/lscc/radiant/3.2/ip/pmi/pmi_add.v. VERI-1328
INFO - synthesis: c:/lscc/radiant/3.2/ip/pmi/pmi_add.v(50): analyzing included file c:/lscc/radiant/3.2/ip/pmi/../common/adder/rtl/lscc_adder.v. VERI-1328
INFO - synthesis: c:/lscc/radiant/3.2/ip/pmi/pmi_ice40up.v(3): analyzing included file c:/lscc/radiant/3.2/ip/pmi/pmi_complex_mult.v. VERI-1328
INFO - synthesis: c:/lscc/radiant/3.2/ip/pmi/pmi_complex_mult.v(52): analyzing included file c:/lscc/radiant/3.2/ip/pmi/../common/complex_mult/rtl/lscc_complex_mult.v. VERI-1328
INFO - synthesis: c:/lscc/radiant/3.2/ip/pmi/pmi_ice40up.v(4): analyzing included file c:/lscc/radiant/3.2/ip/pmi/pmi_counter.v. VERI-1328
INFO - synthesis: c:/lscc/radiant/3.2/ip/pmi/pmi_counter.v(39): analyzing included file c:/lscc/radiant/3.2/ip/pmi/../common/counter/rtl/lscc_cntr.v. VERI-1328
INFO - synthesis: c:/lscc/radiant/3.2/ip/pmi/pmi_ice40up.v(5): analyzing included file c:/lscc/radiant/3.2/ip/pmi/pmi_fifo.v. VERI-1328
INFO - synthesis: c:/lscc/radiant/3.2/ip/pmi/pmi_fifo.v(44): analyzing included file c:/lscc/radiant/3.2/ip/pmi/../avant/fifo/rtl/lscc_fifo.v. VERI-1328
INFO - synthesis: c:/lscc/radiant/3.2/ip/pmi/pmi_ice40up.v(6): analyzing included file c:/lscc/radiant/3.2/ip/pmi/pmi_fifo_dc.v. VERI-1328
INFO - synthesis: c:/lscc/radiant/3.2/ip/pmi/pmi_fifo_dc.v(47): analyzing included file c:/lscc/radiant/3.2/ip/pmi/../avant/fifo_dc/rtl/lscc_fifo_dc.v. VERI-1328
INFO - synthesis: c:/lscc/radiant/3.2/ip/pmi/pmi_ice40up.v(7): analyzing included file c:/lscc/radiant/3.2/ip/pmi/pmi_mac.v. VERI-1328
INFO - synthesis: c:/lscc/radiant/3.2/ip/pmi/pmi_mac.v(52): analyzing included file c:/lscc/radiant/3.2/ip/pmi/../common/mult_accumulate/rtl/lscc_mult_accumulate.v. VERI-1328
INFO - synthesis: c:/lscc/radiant/3.2/ip/pmi/pmi_ice40up.v(8): analyzing included file c:/lscc/radiant/3.2/ip/pmi/pmi_multaddsubsum.v. VERI-1328
INFO - synthesis: c:/lscc/radiant/3.2/ip/pmi/pmi_multaddsubsum.v(53): analyzing included file c:/lscc/radiant/3.2/ip/pmi/../common/mult_add_sub_sum/rtl/lscc_mult_add_sub_sum.v. VERI-1328
INFO - synthesis: c:/lscc/radiant/3.2/ip/pmi/pmi_ice40up.v(9): analyzing included file c:/lscc/radiant/3.2/ip/pmi/pmi_multaddsub.v. VERI-1328
INFO - synthesis: c:/lscc/radiant/3.2/ip/pmi/pmi_multaddsub.v(52): analyzing included file c:/lscc/radiant/3.2/ip/pmi/../common/mult_add_sub/rtl/lscc_mult_add_sub.v. VERI-1328
INFO - synthesis: c:/lscc/radiant/3.2/ip/pmi/pmi_ice40up.v(10): analyzing included file c:/lscc/radiant/3.2/ip/pmi/pmi_mult.v. VERI-1328
INFO - synthesis: c:/lscc/radiant/3.2/ip/pmi/pmi_mult.v(51): analyzing included file c:/lscc/radiant/3.2/ip/pmi/../common/multiplier/rtl/lscc_multiplier.v. VERI-1328
INFO - synthesis: c:/lscc/radiant/3.2/ip/pmi/pmi_ice40up.v(11): analyzing included file c:/lscc/radiant/3.2/ip/pmi/pmi_ram_dp.v. VERI-1328
INFO - synthesis: c:/lscc/radiant/3.2/ip/pmi/pmi_ram_dp.v(48): analyzing included file c:/lscc/radiant/3.2/ip/pmi/../avant/ram_dp/rtl/lscc_ram_dp.v. VERI-1328
INFO - synthesis: c:/lscc/radiant/3.2/ip/pmi/pmi_ice40up.v(12): analyzing included file c:/lscc/radiant/3.2/ip/pmi/pmi_ram_dq.v. VERI-1328
INFO - synthesis: c:/lscc/radiant/3.2/ip/pmi/pmi_ram_dq.v(45): analyzing included file c:/lscc/radiant/3.2/ip/pmi/../avant/ram_dq/rtl/lscc_ram_dq.v. VERI-1328
INFO - synthesis: c:/lscc/radiant/3.2/ip/pmi/pmi_ice40up.v(13): analyzing included file c:/lscc/radiant/3.2/ip/pmi/pmi_rom.v. VERI-1328
INFO - synthesis: c:/lscc/radiant/3.2/ip/pmi/pmi_rom.v(45): analyzing included file c:/lscc/radiant/3.2/ip/pmi/../avant/rom/rtl/lscc_rom.v. VERI-1328
INFO - synthesis: c:/lscc/radiant/3.2/ip/pmi/pmi_ice40up.v(14): analyzing included file c:/lscc/radiant/3.2/ip/pmi/pmi_sub.v. VERI-1328
INFO - synthesis: c:/lscc/radiant/3.2/ip/pmi/pmi_sub.v(50): analyzing included file c:/lscc/radiant/3.2/ip/pmi/../common/subtractor/rtl/lscc_subtractor.v. VERI-1328
INFO - synthesis: c:/lscc/radiant/3.2/ip/pmi/pmi_ice40up.v(15): analyzing included file c:/lscc/radiant/3.2/ip/pmi/pmi_ram_dp_be.v. VERI-1328
INFO - synthesis: c:/lscc/radiant/3.2/ip/pmi/pmi_ram_dp_be.v(49): analyzing included file c:/lscc/radiant/3.2/ip/pmi/../avant/ram_dp/rtl/lscc_ram_dp.v. VERI-1328
INFO - synthesis: c:/lscc/radiant/3.2/ip/pmi/pmi_ice40up.v(16): analyzing included file c:/lscc/radiant/3.2/ip/pmi/pmi_ram_dq_be.v. VERI-1328
INFO - synthesis: c:/lscc/radiant/3.2/ip/pmi/pmi_ram_dq_be.v(45): analyzing included file c:/lscc/radiant/3.2/ip/pmi/../avant/ram_dq/rtl/lscc_ram_dq.v. VERI-1328
INFO - synthesis: c:/lscc/radiant/3.2/ip/pmi/pmi_ice40up.v(17): analyzing included file c:/lscc/radiant/3.2/ip/pmi/pmi_dsp.v. VERI-1328
Analyzing Verilog file c:/users/tdasari/balance-robot/fgpa/source/impl_1/motor_controller.sv. VERI-1482
Analyzing Verilog file c:/users/tdasari/balance-robot/fgpa/source/impl_1/top.sv. VERI-1482
Analyzing VHDL file c:/lscc/radiant/3.2/ip/pmi/pmi_ice40up.vhd. VHDL-1481
Analyzing VHDL file c:/lscc/radiant/3.2/ip/pmi/pmi_ice40up.vhd

INFO - synthesis: c:/lscc/radiant/3.2/ip/pmi/pmi_ice40up.vhd(4): analyzing package components. VHDL-1014
INFO - synthesis: The default VHDL library search path is now "C:/Users/tdasari/balance-robot/FGPA/impl_1". VHDL-1504
Top module language type = Verilog.
Top module name (Verilog, mixed language): top_wrapper
INFO - synthesis: c:/users/tdasari/balance-robot/fgpa/source/impl_1/top.sv(1): compiling module top_wrapper. VERI-1018
INFO - synthesis: c:/users/tdasari/balance-robot/fgpa/source/impl_1/top.sv(17): compiling module top. VERI-1018
INFO - synthesis: C:/lscc/radiant/3.2/ispfpga/../cae_library/synthesis/verilog/iCE40UP.v(756): compiling module HSOSC(CLKHF_DIV=2'b11). VERI-1018
WARNING - synthesis: c:/users/tdasari/balance-robot/fgpa/source/impl_1/top.sv(42): expression size 32 truncated to fit in target size 6. VERI-1209
INFO - synthesis: c:/users/tdasari/balance-robot/fgpa/source/impl_1/motor_controller.sv(1): compiling module motor_controller. VERI-1018
WARNING - synthesis: c:/users/tdasari/balance-robot/fgpa/source/impl_1/motor_controller.sv(39): expression size 32 truncated to fit in target size 12. VERI-1209
                                                         


### Number of Logic Cells: 5280


### Number of RAM Blocks: 30


### Number of DSP Blocks: 8


### Number of PLLs: 1


### Number of IO Pins: 61


##########################################################


                                                         


WARNING - synthesis: Bit 7 of Register motor1_upper_limit is stuck at Zero
WARNING - synthesis: Bit 6 of Register motor1_upper_limit is stuck at Zero
WARNING - synthesis: I/O Port a4 's net has no driver and is unused.
######## Missing driver on net a4. Patching with GND.
WARNING - synthesis: Bit 5 of Register \dut/dut/motor1_upper_limit is stuck at Zero
WARNING - synthesis: Bit 4 of Register \dut/dut/motor1_upper_limit is stuck at One
WARNING - synthesis: Bit 3 of Register \dut/dut/motor1_upper_limit is stuck at One
WARNING - synthesis: Bit 2 of Register \dut/dut/motor1_upper_limit is stuck at Zero
WARNING - synthesis: Bit 1 of Register \dut/dut/motor1_upper_limit is stuck at Zero
WARNING - synthesis: Bit 0 of Register \dut/dut/motor1_upper_limit is stuck at One
WARNING - synthesis: c:/users/tdasari/balance-robot/fgpa/source/impl_1/motor_controller.sv(49): Register \dut/dut/enable34 is stuck at Zero. VDB-5013
WARNING - synthesis: c:/users/tdasari/balance-robot/fgpa/source/impl_1/motor_controller.sv(49): Register \dut/dut/a1 is stuck at One. VDB-5014



INFO - synthesis: Special Primitives IFD1P3AZ and OFD1P3AZ for ThunderPlus are synthesized using IOL_B.

################### Begin Area Report (top_wrapper)######################
Number of register bits => 20 of 5280 (0 % )
CCU2 => 11
FD1P3XZ => 20
HSOSC_CORE => 1
IB => 1
IOL_B => 1
LUT4 => 10
OB => 6
################### End Area Report ##################
Number of odd-length carry chains : 0
Number of even-length carry chains : 2

################### Begin Clock Report ######################
Clock Nets
Number of Clocks: 0
Clock Enable Nets
Number of Clock Enables: 0
Highest fanout non-clock nets
Top 10 highest fanout non-clock nets:
  Net : dut/clk, loads : 14
  Net : dut/dut/n80, loads : 12
  Net : dut/int_osc, loads : 7
  Net : dut/n79, loads : 6
  Net : dut/counter[5], loads : 3
  Net : dut/dut/counter[5], loads : 3
  Net : dut/dut/counter[4], loads : 3
  Net : dut/dut/counter[2], loads : 3
  Net : dut/dut/counter[1], loads : 3
  Net : dut/dut/counter[3], loads : 3
################### End Clock Report ##################

Peak Memory Usage: 81 MB

--------------------------------------------------------------
Total CPU Time: 1 secs 
Total REAL Time: 5 secs 
--------------------------------------------------------------
